<?xml version="1.0" encoding="UTF-8"?>
<testsuite xmlns:xsi="http://www.w3.org/2001/XMLSchema-instance" xsi:noNamespaceSchemaLocation="https://maven.apache.org/surefire/maven-surefire-plugin/xsd/surefire-test-report.xsd" name="com.axis.FormControllerTest" time="0.005" tests="4" errors="0" skipped="0" failures="0">
  <properties>
[...]
</properties>
  <testcase name="deleteFormForAProductTest" classname="com.axis.FormControllerTest" time="0"/>
  <testcase name="updateFormFieldsForAProductTest" classname="com.axis.FormControllerTest" time="0"/>
  <testcase name="addFormFieldsTest" classname="com.axis.FormControllerTest" time="0"/>
  <testcase name="getFormsForProductTest" classname="com.axis.FormControllerTest" time="0"/>
</testsuite>